<?xml version="1.0" encoding="UTF-8"?>
<testng-results ignored="0" total="2" passed="2" failed="0" skipped="0">
  <reporter-output>
  </reporter-output>
  <suite started-at="2023-07-29T18:19:32Z" name="Suite" finished-at="2023-07-29T18:19:51Z" duration-ms="19326">
    <groups>
    </groups>
    <test started-at="2023-07-29T18:19:32Z" name="Test" finished-at="2023-07-29T18:19:51Z" duration-ms="19326">
      <class name="LamdaDemo.InputForm">
        <test-method is-config="true" signature="Setup()[pri:0, instance:LamdaDemo.InputForm@d737b89]" started-at="2023-07-29T18:19:32Z" name="Setup" finished-at="2023-07-29T18:19:33Z" duration-ms="1179" status="PASS">
          <reporter-output>
          </reporter-output>
        </test-method> <!-- Setup -->
        <test-method signature="MyTest()[pri:0, instance:LamdaDemo.InputForm@d737b89]" started-at="2023-07-29T18:19:33Z" name="MyTest" finished-at="2023-07-29T18:19:38Z" duration-ms="4951" status="PASS">
          <reporter-output>
          </reporter-output>
        </test-method> <!-- MyTest -->
        <test-method signature="MyTest1()[pri:0, instance:LamdaDemo.InputForm@d737b89]" started-at="2023-07-29T18:19:38Z" name="MyTest1" finished-at="2023-07-29T18:19:41Z" duration-ms="3069" status="PASS">
          <reporter-output>
          </reporter-output>
        </test-method> <!-- MyTest1 -->
        <test-method is-config="true" signature="Dropdown()[pri:0, instance:LamdaDemo.InputForm@d737b89]" started-at="2023-07-29T18:19:41Z" name="Dropdown" finished-at="2023-07-29T18:19:51Z" duration-ms="10096" status="PASS">
          <reporter-output>
          </reporter-output>
        </test-method> <!-- Dropdown -->
      </class> <!-- LamdaDemo.InputForm -->
    </test> <!-- Test -->
  </suite> <!-- Suite -->
</testng-results>
